<?xml version="1.0" encoding="UTF-8"?>
<testng-results skipped="0" failed="0" ignored="0" total="0" passed="0">
  <reporter-output>
  </reporter-output>
  <suite name="AnnotationTest" duration-ms="5" started-at="2021-12-29T19:40:40 CST" finished-at="2021-12-29T19:40:40 CST">
    <groups>
    </groups>
    <test name="Command line test" duration-ms="5" started-at="2021-12-29T19:40:40 CST" finished-at="2021-12-29T19:40:40 CST">
    </test> <!-- Command line test -->
  </suite> <!-- AnnotationTest -->
</testng-results>
