-------------------------------------------------------------------------------
Test set: ssm.blog.dao.BloggerDaoTest
-------------------------------------------------------------------------------
Tests run: 1, Failures: 0, Errors: 1, Skipped: 0, Time elapsed: 0.058 s <<< FAILURE! - in ssm.blog.dao.BloggerDaoTest
initializationError(ssm.blog.dao.BloggerDaoTest)  Time elapsed: 0.008 s  <<< ERROR!
java.lang.ExceptionInInitializerError
Caused by: java.lang.IllegalStateException: SpringJUnit4ClassRunner requires JUnit 4.12 or higher.

